 
****************************************
Report : area
Design : topEntity
Version: V-2023.12-SP5
Date   : Tue Dec  2 17:12:55 2025
****************************************

Library(s) Used:

    tcbn28hpcplusbwp30p140tt0p9v25c_ccs (File: /afs/eecs.umich.edu/kits/TSMC/N28HPC+/2018.10/tcbn28hpcplusbwp30p140/digital/Front_End/timing_power_noise/CCS/tcbn28hpcplusbwp30p140_180a/tcbn28hpcplusbwp30p140tt0p9v25c_ccs.db)

Number of ports:                          248
Number of nets:                           952
Number of cells:                          804
Number of combinational cells:            370
Number of sequential cells:               401
Number of macros/black boxes:               0
Number of buf/inv:                         54
Number of references:                      52

Combinational area:                212.687998
Buf/Inv area:                       28.350000
Noncombinational area:             763.937993
Macro/Black Box area:                0.000000
Net Interconnect area:      undefined  (Wire load has zero net area)

Total cell area:                   976.625991
Total area:                 undefined
1
