 
****************************************
Report : area
Design : topEntity
Version: V-2023.12-SP5
Date   : Tue Dec  2 17:16:13 2025
****************************************

Library(s) Used:

    tcbn28hpcplusbwp30p140tt0p9v25c_ccs (File: /afs/eecs.umich.edu/kits/TSMC/N28HPC+/2018.10/tcbn28hpcplusbwp30p140/digital/Front_End/timing_power_noise/CCS/tcbn28hpcplusbwp30p140_180a/tcbn28hpcplusbwp30p140tt0p9v25c_ccs.db)

Number of ports:                          142
Number of nets:                           288
Number of cells:                          275
Number of combinational cells:            257
Number of sequential cells:                17
Number of macros/black boxes:               0
Number of buf/inv:                         94
Number of references:                      17

Combinational area:                197.820002
Buf/Inv area:                       40.446001
Noncombinational area:              38.177998
Macro/Black Box area:                0.000000
Net Interconnect area:      undefined  (Wire load has zero net area)

Total cell area:                   235.998000
Total area:                 undefined
1
