 
****************************************
Report : area
Design : topEntity
Version: V-2023.12-SP5
Date   : Tue Dec  2 17:15:14 2025
****************************************

Library(s) Used:

    tcbn28hpcplusbwp30p140tt0p9v25c_ccs (File: /afs/eecs.umich.edu/kits/TSMC/N28HPC+/2018.10/tcbn28hpcplusbwp30p140/digital/Front_End/timing_power_noise/CCS/tcbn28hpcplusbwp30p140_180a/tcbn28hpcplusbwp30p140tt0p9v25c_ccs.db)

Number of ports:                          138
Number of nets:                           232
Number of cells:                          225
Number of combinational cells:            225
Number of sequential cells:                 0
Number of macros/black boxes:               0
Number of buf/inv:                         65
Number of references:                      20

Combinational area:                205.254002
Buf/Inv area:                       32.004000
Noncombinational area:               0.000000
Macro/Black Box area:                0.000000
Net Interconnect area:      undefined  (Wire load has zero net area)

Total cell area:                   205.254002
Total area:                 undefined
1
