 
****************************************
Report : power
        -analysis_effort low
Design : topEntity
Version: V-2023.12-SP5
Date   : Tue Dec  2 17:13:23 2025
****************************************


Library(s) Used:

    tcbn28hpcplusbwp30p140tt0p9v25c_ccs (File: /afs/eecs.umich.edu/kits/TSMC/N28HPC+/2018.10/tcbn28hpcplusbwp30p140/digital/Front_End/timing_power_noise/CCS/tcbn28hpcplusbwp30p140_180a/tcbn28hpcplusbwp30p140tt0p9v25c_ccs.db)


Operating Conditions: tt0p9v25c   Library: tcbn28hpcplusbwp30p140tt0p9v25c_ccs
Wire Load Model Mode: segmented

Design        Wire Load Model            Library
------------------------------------------------
topEntity              ZeroWireload      tcbn28hpcplusbwp30p140tt0p9v25c_ccs


Global Operating Voltage = 0.9  
Power-specific unit information :
    Voltage Units = 1V
    Capacitance Units = 1.000000pf
    Time Units = 1ns
    Dynamic Power Units = 1mW    (derived from V,C,T units)
    Leakage Power Units = 1nW


Attributes
----------
i - Including register clock pin internal power


  Cell Internal Power  =  34.2245 uW   (12%)
  Net Switching Power  = 253.0515 uW   (88%)
                         ---------
Total Dynamic Power    = 287.2759 uW  (100%)

Cell Leakage Power     =   1.2359 uW


                 Internal         Switching           Leakage            Total
Power Group      Power            Power               Power              Power   (   %    )  Attrs
--------------------------------------------------------------------------------------------------
io_pad             0.0000            0.0000            0.0000            0.0000  (   0.00%)
memory             0.0000            0.0000            0.0000            0.0000  (   0.00%)
black_box          0.0000            0.0000            0.0000            0.0000  (   0.00%)
clock_network      0.0000            0.0000            0.0000            0.0000  (   0.00%)  i
register           0.0000            0.0000            0.0000            0.0000  (   0.00%)
sequential         0.0000            0.0000            0.0000            0.0000  (   0.00%)
combinational  3.4224e-02            0.2531        1.2359e+03            0.2885  ( 100.00%)
--------------------------------------------------------------------------------------------------
Total          3.4224e-02 mW         0.2531 mW     1.2359e+03 nW         0.2885 mW
1
